Internal hierarchy is named FIRETEST; Could not get info for art\w3d\firetest (2).w3d
Asset CHWZ_YW_U_SKN.HLMT_07 in file chwz_yw_u_skn.w3d depends on unknown asset chhw_smn_hair.tga.
Asset CHWZ_YW_U_SKN.HLMT_03 in file chwz_yw_u_skn.w3d depends on unknown asset chwz_gear_01.tga.
Asset CHWZ_YW_U_SKN.HEAD_01 in file chwz_yw_u_skn.w3d depends on unknown asset chwz_head_01.tga.
Asset CHWZ_YW_U_SKN.HLMT_04 in file chwz_yw_u_skn.w3d depends on unknown asset chwz_gear_02.tga.
Asset CHWZ_YW_U_SKN.HLMT_05 in file chwz_yw_u_skn.w3d depends on unknown asset chwz_gear_02.tga.
Asset CHWZ_YW_U_SKN.HLMT_06 in file chwz_yw_u_skn.w3d depends on unknown asset chwz_gear_01.tga.
Asset CHWZ_YW_U_SKN.HLMT_02 in file chwz_yw_u_skn.w3d depends on unknown asset chhw_smn_hair.tga.
Asset CHWZ_YW_U_SKN.HLMT_01 in file chwz_yw_u_skn.w3d depends on unknown asset chwz_gear_01.tga.
Asset CHWZ_YW_U_SKN.CHWZ_WD1 in file chwz_yw_u_skn.w3d depends on unknown asset chwz_wd.tga.
Asset CHWZ_YW_U_SKN.WIZSTAFF04_FX01 in file chwz_yw_u_skn.w3d depends on unknown asset exaragornanduril.tga.
Asset CHWZ_YW_U_SKN.WIZSTAFF04_FX03 in file chwz_yw_u_skn.w3d depends on unknown asset exaragornanduril.tga.
Asset CHWZ_YW_U_SKN.WIZSTAFF04_FX02 in file chwz_yw_u_skn.w3d depends on unknown asset exaragornanduril.tga.
Asset CHWZ_YW_U_SKN.WIZSTAFF04_FX05 in file chwz_yw_u_skn.w3d depends on unknown asset exstarburstbw.tga.
Asset CHWZ_YW_U_SKN.WIZSTAFF04_FX06 in file chwz_yw_u_skn.w3d depends on unknown asset exstarburstbw.tga.
Asset CHWZ_YW_U_SKN.WIZSTAFF04_FX07 in file chwz_yw_u_skn.w3d depends on unknown asset exstarburstbw.tga.
Asset CHWZ_YW_U_SKN.WIZSTAFF04_FX04 in file chwz_yw_u_skn.w3d depends on unknown asset exstarburstbw.tga.
Asset CHWZ_YW_U_SKN.WIZARDSTAFF04 in file chwz_yw_u_skn.w3d depends on unknown asset staff_04.tga.
Asset CHWZ_YW_U_SKN.WIZSTAFF03_FX02 in file chwz_yw_u_skn.w3d depends on unknown asset extornado.tga.
Asset CHWZ_YW_U_SKN.WIZSTAFF03_FX01 in file chwz_yw_u_skn.w3d depends on unknown asset exfirefly.tga.
Asset CHWZ_YW_U_SKN.WIZARDSTAFF03 in file chwz_yw_u_skn.w3d depends on unknown asset staff_03.tga.
Asset CHWZ_YW_U_SKN.WIZSTAFF02_FX1 in file chwz_yw_u_skn.w3d depends on unknown asset extornado.tga.
Asset CHWZ_YW_U_SKN.WIZARDSTAFF02 in file chwz_yw_u_skn.w3d depends on unknown asset staff_02.tga.
Asset CHWZ_YW_U_SKN.WIZSTAFF01_FX4 in file chwz_yw_u_skn.w3d depends on unknown asset exriverripple.tga.
Asset CHWZ_YW_U_SKN.WIZARDSTAFF01 in file chwz_yw_u_skn.w3d depends on unknown asset staff_01.tga.
Asset CHWZ_YW_U_SKN.SLDR_01 in file chwz_yw_u_skn.w3d depends on unknown asset chhw_swn_gear_01.tga.
Asset CHWZ_YW_U_SKN.SLDR_02 in file chwz_yw_u_skn.w3d depends on unknown asset chhw_swn_gear_02.tga.
Asset wbNmorcave_d2 in file wbnmorcave_d2.w3d depends on unknown asset h*wbnmorcave_d2.
