Asset A_URUKBOLT.ARROWNOCK in file a_urukbolt.w3d depends on unknown asset iuurukhai.tga.
Asset A_URUKBOLTFIRE.ARROWNOCK in file a_urukboltfire.w3d depends on unknown asset iuurukhai.tga.
Asset ABRIVTOWER_D1.ABRIVTOWER in file abrivtower_d1.w3d depends on unknown asset normalmapped.fx.
Asset ABRIVTOWER_D2.ABRIVTOWER in file abrivtower_d2.w3d depends on unknown asset normalmapped.fx.
Asset abstatue_d1.OBJECT01 in file abstatue_d1.w3d depends on unknown asset normalmapped.fx.
Asset abstatue_d1.OBJECT02 in file abstatue_d1.w3d depends on unknown asset normalmapped.fx.
Asset ABSTATUE_D2.OBJECT01 in file abstatue_d2.w3d depends on unknown asset normalmapped.fx.
Asset ABSTATUE_D2.STATUE in file abstatue_d2.w3d depends on unknown asset normalmapped.fx.
Asset ABSTATUE_D2.PLINTH in file abstatue_d2.w3d depends on unknown asset normalmapped.fx.
Asset ABSTATUE_D2.SHIELD in file abstatue_d2.w3d depends on unknown asset normalmapped.fx.
Asset ABWELL_D1.FLOOR01 in file abwell_d1.w3d depends on unknown asset normalmapped.fx.
Asset ABWELL_D1.FLOOR2 in file abwell_d1.w3d depends on unknown asset normalmapped.fx.
Asset ABWELL_D2.FLOOR01 in file abwell_d2.w3d depends on unknown asset normalmapped.fx.
Asset ABWELL_D2.FLOOR2 in file abwell_d2.w3d depends on unknown asset normalmapped.fx.
Asset EBFORGE_D1.V2B in file ebforge_d1.w3d depends on unknown asset normalmapped.fx.
Asset EBFORGE_D1.V2 in file ebforge_d1.w3d depends on unknown asset normalmapped.fx.
Asset EBFORGE_D1.BOX02 in file ebforge_d1.w3d depends on unknown asset normalmapped.fx.
Asset ibbttwr_d.X in file ibbttwr_d.w3d depends on unknown asset normalmapped.fx.
Asset ibbttwr_d2.X in file ibbttwr_d2.w3d depends on unknown asset normalmapped.fx.
Asset ibbttwr_skn.X in file ibbttwr_skn.w3d depends on unknown asset normalmapped.fx.
Asset IUWARG_SKN.FUR_ALPHA in file iuwarg_skn.w3d depends on unknown asset iuwargfur_b.tga.
Asset IUWARGRIDR_SKN.WEAPON in file iuwargridr_skn.w3d depends on unknown asset iuwargridr_wpn.tga.
Asset mbbttwr_d.X in file mbbttwr_d.w3d depends on unknown asset normalmapped.fx.
Asset mbbttwr_d in file mbbttwr_d.w3d depends on unknown asset h*mbbttwr_d.
Asset mbbttwr_d2.X in file mbbttwr_d2.w3d depends on unknown asset normalmapped.fx.
Asset mbbttwr_d2 in file mbbttwr_d2.w3d depends on unknown asset h*mbbttwr_d2.
Asset mbbttwr_skn.X in file mbbttwr_skn.w3d depends on unknown asset normalmapped.fx.
Asset MUWITCH_SKN.FIRE in file muwitch_skn.w3d depends on unknown asset ex_firenew01.tga.
Asset MUWITCHHRS_SKN.FIRE in file muwitchhrs_skn.w3d depends on unknown asset ex_firenew01.tga.
Asset PTLOTH12 in file ptloth12.w3d depends on unknown asset normalmapped.fx.
Asset PTLOTH13 in file ptloth13.w3d depends on unknown asset normalmapped.fx.
Asset PTLOTH14 in file ptloth14.w3d depends on unknown asset normalmapped.fx.
Asset PTREDWOOD01 in file ptredwood01.w3d depends on unknown asset ptreeredwood.tga.
Asset RBCASTTOWR.TOWERB1 in file rbcasttowr.w3d depends on unknown asset rbwatchtow.tga.
Asset RBCASTTOWR.GARRISON01 in file rbcasttowr.w3d depends on unknown asset exgarflagh.tga.
Asset RBCASTTOWR.GARRISON02 in file rbcasttowr.w3d depends on unknown asset flagpole.tga.
Asset RBCASTTOWR.RBWATCHTOWERB1 in file rbcasttowr.w3d depends on unknown asset rbwatchtow.tga.
Asset RBCASTTOWR_D1.GARRISON01 in file rbcasttowr_d1.w3d depends on unknown asset exgarflagh.tga.
Asset RBCASTTOWR_D1.GARRISON02 in file rbcasttowr_d1.w3d depends on unknown asset flagpole.tga.
Asset RBCASTTOWR_D1.TOWERD1 in file rbcasttowr_d1.w3d depends on unknown asset gbmtdecal.tga.
Asset RBCASTTOWR_D1.TOWERD1 in file rbcasttowr_d1.w3d depends on unknown asset rbwatchtow.tga.
Asset RBCASTTOWR_D2.GARRISON01 in file rbcasttowr_d2.w3d depends on unknown asset exgarflagh.tga.
Asset RBCASTTOWR_D2.GARRISON02 in file rbcasttowr_d2.w3d depends on unknown asset flagpole.tga.
Asset RBCASTTOWR_D2.OBJECT09 in file rbcasttowr_d2.w3d depends on unknown asset gbmtdecal.tga.
Asset RBCASTTOWR_D2.OBJECT09 in file rbcasttowr_d2.w3d depends on unknown asset rbwatchtow.tga.
Asset RBCASTTOWR_D2.OBJECT08 in file rbcasttowr_d2.w3d depends on unknown asset gbmtdecal.tga.
Asset RBCASTTOWR_D2.OBJECT08 in file rbcasttowr_d2.w3d depends on unknown asset rbwatchtow.tga.
Asset RBCASTTOWR_D2.OBJECT07 in file rbcasttowr_d2.w3d depends on unknown asset gbmtdecal.tga.
Asset RBCASTTOWR_D2.OBJECT07 in file rbcasttowr_d2.w3d depends on unknown asset rbwatchtow.tga.
Asset RBCASTTOWR_D2.OBJECT05 in file rbcasttowr_d2.w3d depends on unknown asset gbmtdecal.tga.
Asset RBCASTTOWR_D2.OBJECT05 in file rbcasttowr_d2.w3d depends on unknown asset rbwatchtow.tga.
Asset RBCASTTOWR_D2.TOWERD1 in file rbcasttowr_d2.w3d depends on unknown asset gbmtdecal.tga.
Asset RBCASTTOWR_D2.TOWERD1 in file rbcasttowr_d2.w3d depends on unknown asset rbwatchtow.tga.
Asset RBHALL_BLD.OBJECT08 in file rbhall_bld.w3d depends on unknown asset rbbarracks2.tga.
Asset RBHALL_BLD.OBJECT07 in file rbhall_bld.w3d depends on unknown asset rbbarracks2.tga.
Asset RBHALL_BLD.OBJECT06 in file rbhall_bld.w3d depends on unknown asset rbbarracks2.tga.
Asset RBHALL_BLD.OBJECT05 in file rbhall_bld.w3d depends on unknown asset rbbarracks2.tga.
Asset RBHALL_BLD.OBJECT02 in file rbhall_bld.w3d depends on unknown asset rbbarracks2.tga.
Asset RBHALL_BLD.OBJECT04 in file rbhall_bld.w3d depends on unknown asset rbbarracks2.tga.
Asset RBHALL_BLD.OBJECT03 in file rbhall_bld.w3d depends on unknown asset rbbarracks2.tga.
Asset RBHALL_BLD.HOUSE in file rbhall_bld.w3d depends on unknown asset rbbarracks2.tga.
Asset RBHALL_BLD.PORCH in file rbhall_bld.w3d depends on unknown asset rbbarracks2.tga.
Asset RBHALL_D1.PORCH in file rbhall_d1.w3d depends on unknown asset rbbarracks2_d.tga.
Asset RBHALL_D1.RANK3 in file rbhall_d1.w3d depends on unknown asset rbbarracks2_d.tga.
Asset RBHALL_D1.HOUSE in file rbhall_d1.w3d depends on unknown asset rbbarracks2_d.tga.
Asset RBHALL_D1.OBJECT01 in file rbhall_d1.w3d depends on unknown asset rbbarracks2_d.tga.
Asset RBHALL_D2.PORCH in file rbhall_d2.w3d depends on unknown asset rbbarracks2_d.tga.
Asset RBHALL_D2.RANK3 in file rbhall_d2.w3d depends on unknown asset rbbarracks2_d.tga.
Asset RBHALL_D2.HOUSE in file rbhall_d2.w3d depends on unknown asset rbbarracks2_d.tga.
Asset RBHALL_D2.OBJECT01 in file rbhall_d2.w3d depends on unknown asset rbbarracks2_d.tga.
Asset RBHALL_SKN.PORCH in file rbhall_skn.w3d depends on unknown asset rbbarracks2.tga.
Asset RBHALL_SKN.RANK3 in file rbhall_skn.w3d depends on unknown asset rbbarracks2.tga.
Asset RBHALL_SKN.HOUSE in file rbhall_skn.w3d depends on unknown asset rbbarracks2.tga.
Asset RBHALL_SKN.PROPS in file rbhall_skn.w3d depends on unknown asset rbbarracks1.tga.
Asset RBHELM_BLD in file rbhelm_bld.w3d depends on unknown asset rbhelm_bld.object03.
Asset RBHELM_D1 in file rbhelm_d1.w3d depends on unknown asset rbhelm_d1.object03.
Asset RBHELM_D2 in file rbhelm_d2.w3d depends on unknown asset rbhelm_d2.object03.
Asset RBHELM_SKN in file rbhelm_skn.w3d depends on unknown asset rbhelm_skn.object03.
Asset RBWATCHTOW.GARRISON01 in file rbwatchtow.w3d depends on unknown asset exgarflagh.tga.
Asset RBWATCHTOW.GARRISON02 in file rbwatchtow.w3d depends on unknown asset flagpole.tga.
Asset RBWATCHTOW.FIRE02 in file rbwatchtow.w3d depends on unknown asset exfireseq.tga.
Asset RBWATCHTOW.FIRE01 in file rbwatchtow.w3d depends on unknown asset exfireseq.tga.
Asset RBWATCHTOW.RBWATCHTOWER in file rbwatchtow.w3d depends on unknown asset rbwatchtow.tga.
Asset RBWATCHTOW.BASE in file rbwatchtow.w3d depends on unknown asset rbbib.tga.
Asset RBWATCHTOW_D1.GARRISON01 in file rbwatchtow_d1.w3d depends on unknown asset exgarflagh.tga.
Asset RBWATCHTOW_D1.GARRISON02 in file rbwatchtow_d1.w3d depends on unknown asset flagpole.tga.
Asset RBWATCHTOW_D1.FIRE02 in file rbwatchtow_d1.w3d depends on unknown asset exfireseq.tga.
Asset RBWATCHTOW_D1.FIRE01 in file rbwatchtow_d1.w3d depends on unknown asset exfireseq.tga.
Asset RBWATCHTOW_D1.RBWATCHTOWER in file rbwatchtow_d1.w3d depends on unknown asset rbwatchtow_d.tga.
Asset RBWATCHTOW_D1.BASE in file rbwatchtow_d1.w3d depends on unknown asset rbbib.tga.
Asset RBWATCHTOW_D1L.RBWATCHTOWER in file rbwatchtow_d1l.w3d depends on unknown asset rbwatchtow_d.tga.
Asset RBWATCHTOW_D1L.BASE in file rbwatchtow_d1l.w3d depends on unknown asset rbbib.tga.
Asset RBWATCHTOW_D1M.FIRE03 in file rbwatchtow_d1m.w3d depends on unknown asset exfireseq.tga.
Asset RBWATCHTOW_D1M.FIRE01 in file rbwatchtow_d1m.w3d depends on unknown asset exfireseq.tga.
Asset RBWATCHTOW_D1M.RBWATCHTOWER in file rbwatchtow_d1m.w3d depends on unknown asset rbwatchtow_d.tga.
Asset RBWATCHTOW_D1M.BASE in file rbwatchtow_d1m.w3d depends on unknown asset rbbib.tga.
Asset RBWATCHTOW_D2.GARRISON01 in file rbwatchtow_d2.w3d depends on unknown asset exgarflagh.tga.
Asset RBWATCHTOW_D2.GARRISON02 in file rbwatchtow_d2.w3d depends on unknown asset flagpole.tga.
Asset RBWATCHTOW_D2.RBWATCHTOWDP_4 in file rbwatchtow_d2.w3d depends on unknown asset rbwatchtow_d.tga.
Asset RBWATCHTOW_D2.RBWATCHTOWDP_3 in file rbwatchtow_d2.w3d depends on unknown asset rbwatchtow_d.tga.
Asset RBWATCHTOW_D2.RBWATCHTOWDP_2 in file rbwatchtow_d2.w3d depends on unknown asset rbwatchtow_d.tga.
Asset RBWATCHTOW_D2.RBWATCHTOWDP_1 in file rbwatchtow_d2.w3d depends on unknown asset rbwatchtow_d.tga.
Asset RBWATCHTOW_D2.FIRE02 in file rbwatchtow_d2.w3d depends on unknown asset exfireseq.tga.
Asset RBWATCHTOW_D2.FIRE01 in file rbwatchtow_d2.w3d depends on unknown asset exfireseq.tga.
Asset RBWATCHTOW_D2.RBWATCHTOWER in file rbwatchtow_d2.w3d depends on unknown asset rbwatchtow_d.tga.
Asset RBWATCHTOW_D2.BASE in file rbwatchtow_d2.w3d depends on unknown asset rbbib.tga.
Asset RBWATCHTOW_D2L.RBWATCHTOWER in file rbwatchtow_d2l.w3d depends on unknown asset rbwatchtow_d.tga.
Asset RBWATCHTOW_D2L.BASE in file rbwatchtow_d2l.w3d depends on unknown asset rbbib.tga.
Asset RBWATCHTOW_D2M.FIRE03 in file rbwatchtow_d2m.w3d depends on unknown asset exfireseq.tga.
Asset RBWATCHTOW_D2M.FIRE01 in file rbwatchtow_d2m.w3d depends on unknown asset exfireseq.tga.
Asset RBWATCHTOW_D2M.RBWATCHTOWER in file rbwatchtow_d2m.w3d depends on unknown asset rbwatchtow_d.tga.
Asset RBWATCHTOW_D2M.BASE in file rbwatchtow_d2m.w3d depends on unknown asset rbbib.tga.
Asset RBWATCHTOWL.RBWATCHTOWER in file rbwatchtowl.w3d depends on unknown asset rbwatchtow.tga.
Asset RBWATCHTOWL.BASE in file rbwatchtowl.w3d depends on unknown asset rbbib.tga.
Asset RBWATCHTOWM.RBWATCHTOWER in file rbwatchtowm.w3d depends on unknown asset rbwatchtow.tga.
Asset RUARCHER_SKN.ARROWNOCK in file ruarcher_skn.w3d depends on unknown asset w_arrow.tga.
Asset RUELFWAR_ATKA2.ARROWNOCK in file ruelfwar_atka2.w3d depends on unknown asset g_arrow.tga.
Asset RUELFWAR_BANR.HEADELITE in file ruelfwar_banr.w3d depends on unknown asset eusindarwarriorha1.tga.
Asset RUELFWAR_BANR.ARMORELITE in file ruelfwar_banr.w3d depends on unknown asset eusindarwarriorha1.tga.
Asset RUELFWAR_BANR.BODYELITE in file ruelfwar_banr.w3d depends on unknown asset eusindarwarriorha1.tga.
Asset RUELFWAR_BANR.CLOAKELITE in file ruelfwar_banr.w3d depends on unknown asset euamrothsentinel1.tga.
Asset RUELFWAR_SKN.RUELVENWARRIOR0 in file ruelfwar_skn.w3d depends on unknown asset rugaladhrim.tga.
Asset RUFRODO_LOR.ELVENCLOAK in file rufrodo_lor.w3d depends on unknown asset rumerryarmor.tga.
Asset RURIDARCH_SKN.ARROWNOCK in file ruridarch_skn.w3d depends on unknown asset w_arrow.tga.
Asset RUROYALGRD_HRS.HORSE in file ruroyalgrd_hrs.w3d depends on unknown asset rurylhorse.tga.
Asset RUSAM_LOR.ELVENCLOAK in file rusam_lor.w3d depends on unknown asset rumerryarmor.tga.

